2018-01-04 13:39:35.7696 [DEBUG] Validating model...
2018-01-04 13:39:35.8417 [DEBUG] Model validated
2018-01-04 13:39:35.8432 [DEBUG] Authenticating with server...
2018-01-04 13:39:36.0796 [DEBUG] Connected to room. (53421:SceneFusion:SceneFusion)
2018-01-04 13:39:36.0834 [INFO] Connected to server.
2018-01-04 13:39:36.0844 [DEBUG] OS : Microsoft Windows NT 10.0.16299.0
2018-01-04 13:39:36.0853 [DEBUG] Unity Version : 2017.1.1f1
2018-01-04 13:39:36.0859 [DEBUG] Pro License : False
2018-01-04 13:39:36.0868 [DEBUG] Platform : WindowsEditor
2018-01-04 13:39:36.0879 [DEBUG] Build Target : StandaloneWindows64
2018-01-04 13:39:36.0883 [DEBUG] Scene Fusion version : 1.7.1
2018-01-04 13:39:36.0888 [DEBUG] Scene Fusion client build : 0
2018-01-04 13:39:36.0898 [DEBUG] User : tyson.matthews@my.netech.edu
2018-01-04 13:39:36.0908 [DEBUG] Waiting for server response
2018-01-04 13:39:36.2026 [DEBUG] Tier: Scene Fusion Free, Permissions: 00000500
2018-01-04 13:39:36.2033 [DEBUG] User Permissions: FFFFFFFF
2018-01-04 13:39:36.3056 [DEBUG] No stand-in for UnityEngine.CustomRenderTexture
2018-01-04 13:39:36.3061 [DEBUG] No stand-in for UnityEngine.U2D.SpriteAtlas
2018-01-04 13:39:36.3082 [DEBUG] No stand-in for UnityEngine.AI.NavMeshData
2018-01-04 13:39:36.3087 [DEBUG] No stand-in for UnityEngine.AvatarMask
2018-01-04 13:39:36.3117 [DEBUG] No stand-in for UnityEngine.Video.VideoClip
2018-01-04 13:39:36.4826 [DEBUG] Uploading scene 'Scene 01'
2018-01-04 13:39:36.7284 [DEBUG] Compressing scene data
2018-01-04 13:39:37.1711 [DEBUG] Spawn request. (Objects: 219)
2018-01-04 13:39:37.3737 [DEBUG] Loading complete
2018-01-04 13:43:53.0797 [DEBUG] Disconnecting temporarily to recompile.
2018-01-04 13:43:53.0811 [DEBUG] Disconnecting from room (53421:SceneFusion:SceneFusion)
2018-01-04 13:43:53.0991 [INFO] Disconnected from server.
2018-01-04 13:43:53.0996 [DEBUG] Disconnect. (Duration: 256)
2018-01-04 13:44:00.7224 [DEBUG] Scene Fusion version 1.7.1-0
2018-01-04 13:44:01.0397 [DEBUG] Property changes detected after recompile. Will not reconnect.
2018-01-04 13:44:01.0587 [DEBUG] Connecting to room (53421:SceneFusion:SceneFusion) via TCP at ec2-35-162-237-97.us-west-2.compute.amazonaws.com:1028
2018-01-04 13:44:01.1941 [DEBUG] Validating model...
2018-01-04 13:44:01.2587 [DEBUG] Model validated
2018-01-04 13:44:01.2602 [DEBUG] Authenticating with server...
2018-01-04 13:44:01.3660 [DEBUG] Authentication with the remote host failed. (53421:SceneFusion:SceneFusion)
2018-01-04 13:44:03.4403 [DEBUG] Connection Failed. (53421:SceneFusion:SceneFusion)
2018-01-04 13:44:03.7187 [DEBUG] Connection Failed. (53421:SceneFusion:SceneFusion)
